Log file open, 02/14/21 22:28:51
LogWindows: Failed to load 'aqProf.dll' (GetLastError=126)
LogWindows: File 'aqProf.dll' does not exist
LogWindows: Failed to load 'VSPerf140.dll' (GetLastError=126)
LogWindows: File 'VSPerf140.dll' does not exist
LogWindows: Failed to load 'VtuneApi.dll' (GetLastError=126)
LogWindows: File 'VtuneApi.dll' does not exist
LogWindows: Failed to load 'VtuneApi32e.dll' (GetLastError=126)
LogWindows: File 'VtuneApi32e.dll' does not exist
LogInit: Display: Running engine for game: PaintGame_Johnson
LogPlatformFile: Not using cached read wrapper
LogInit: Display: RandInit(1294668026) SRandInit(1294668026).
LogInit: Read version file with build ID '3709383'
LogInit: Overriding engine version to CL 3832480, compatible CL 3709383
LogInit: Registered custom module enumerator with build ID '3709383'
LogTaskGraph: Started task graph with 5 named threads and 14 total threads with 3 sets of task threads.
LogStats: Stats thread started at 0.851528
LogD3D11RHI: Aftermath initialized
LogPluginManager: Mounting plugin Paper2D
LogPluginManager: Mounting plugin LightPropagationVolume
LogPluginManager: Mounting plugin CodeLiteSourceCodeAccess
LogPluginManager: Mounting plugin GitSourceControl
LogPluginManager: Mounting plugin KDevelopSourceCodeAccess
LogPluginManager: Mounting plugin NullSourceCodeAccess
LogPluginManager: Mounting plugin PerforceSourceControl
LogPluginManager: Mounting plugin SubversionSourceControl
LogPluginManager: Mounting plugin UObjectPlugin
LogPluginManager: Mounting plugin VisualStudioCodeSourceCodeAccess
LogPluginManager: Mounting plugin VisualStudioSourceCodeAccess
LogPluginManager: Mounting plugin XCodeSourceCodeAccess
LogPluginManager: Mounting plugin AssetManagerEditor
LogPluginManager: Mounting plugin AudioCapture
LogPluginManager: Mounting plugin FacialAnimation
LogPluginManager: Mounting plugin GameplayTagsEditor
LogPluginManager: Mounting plugin MobileLauncherProfileWizard
LogPluginManager: Mounting plugin PluginBrowser
LogPluginManager: Mounting plugin SpeedTreeImporter
LogPluginManager: Mounting plugin AlembicImporter
LogPluginManager: Mounting plugin CharacterAI
LogPluginManager: Mounting plugin HTML5Networking
LogPluginManager: Mounting plugin AndroidMedia
LogPluginManager: Mounting plugin AvfMedia
LogPluginManager: Mounting plugin ImgMedia
LogPluginManager: Mounting plugin MediaCompositing
LogPluginManager: Mounting plugin MediaPlayerEditor
LogPluginManager: Mounting plugin WmfMedia
LogPluginManager: Mounting plugin TcpMessaging
LogPluginManager: Mounting plugin UdpMessaging
LogPluginManager: Mounting plugin ActorSequence
LogPluginManager: Mounting plugin LevelSequenceEditor
LogPluginManager: Mounting plugin MatineeToLevelSequence
LogPluginManager: Mounting plugin OnlineSubsystemGooglePlay
LogPluginManager: Mounting plugin OnlineSubsystemIOS
LogPluginManager: Mounting plugin OnlineSubsystem
LogPluginManager: Mounting plugin OnlineSubsystemNull
LogPluginManager: Mounting plugin OnlineSubsystemUtils
LogPluginManager: Mounting plugin AndroidDeviceProfileSelector
LogPluginManager: Mounting plugin AndroidMoviePlayer
LogPluginManager: Mounting plugin AndroidPermission
LogPluginManager: Mounting plugin AppleARKit
LogPluginManager: Mounting plugin AppleMoviePlayer
LogPluginManager: Mounting plugin ArchVisCharacter
LogPluginManager: Mounting plugin CableComponent
LogPluginManager: Mounting plugin CustomMeshComponent
LogPluginManager: Mounting plugin ExampleDeviceProfileSelector
LogPluginManager: Mounting plugin GoogleCloudMessaging
LogPluginManager: Mounting plugin ImmediatePhysics
LogPluginManager: Mounting plugin IOSDeviceProfileSelector
LogPluginManager: Mounting plugin LinuxDeviceProfileSelector
LogPluginManager: Mounting plugin LocationServicesBPLibrary
LogPluginManager: Mounting plugin MobilePatchingUtils
LogPluginManager: Mounting plugin OculusVR
LogPluginManager: Plugin shader directory ../../../Engine/Plugins/Runtime/Oculus/OculusVR/Shaders found
LogPluginManager: Mapping shader source directory ../../../Engine/Plugins/Runtime/Oculus/OculusVR/Shaders to virtual directory /Plugin/OculusVR
LogPluginManager: Mounting plugin PhysXVehicles
LogPluginManager: Mounting plugin ProceduralMeshComponent
LogPluginManager: Mounting plugin RuntimePhysXCooking
LogPluginManager: Mounting plugin SteamVR
LogPluginManager: Mounting plugin WindowsMoviePlayer
LogPluginManager: Mounting plugin ComputeShader
LogPluginManager: Plugin shader directory ../../../../../../Users/funcl/Desktop/SNHU Online/GAM-495 Capstone/PaintGame_Johnson/Plugins/ComputeShader/Shaders found
LogPluginManager: Mapping shader source directory ../../../../../../Users/funcl/Desktop/SNHU Online/GAM-495 Capstone/PaintGame_Johnson/Plugins/ComputeShader/Shaders to virtual directory /Plugin/ComputeShader
LogPluginManager: Mounting plugin PixelShader
LogPluginManager: Plugin shader directory ../../../../../../Users/funcl/Desktop/SNHU Online/GAM-495 Capstone/PaintGame_Johnson/Plugins/PixelShader/Shaders found
LogPluginManager: Mapping shader source directory ../../../../../../Users/funcl/Desktop/SNHU Online/GAM-495 Capstone/PaintGame_Johnson/Plugins/PixelShader/Shaders to virtual directory /Plugin/PixelShader
LogPluginManager: Mounting plugin RuntimeMeshComponent
LogPluginManager: Mounting plugin Whiteboard
LogModuleManager: Display: Found up-to-date module file ../../../../../../Users/funcl/Desktop/SNHU Online/GAM-495 Capstone/PaintGame_Johnson/Binaries/Win64/UE4Editor-PaintGame_Johnson.dll (API version 3709383).
LogModuleManager: Display: Found up-to-date module file ../../../Engine/Plugins/2D/Paper2D/Binaries/Win64/UE4Editor-Paper2D.dll (API version 3709383).
LogModuleManager: Display: Found up-to-date module file ../../../Engine/Plugins/2D/Paper2D/Binaries/Win64/UE4Editor-Paper2DEditor.dll (API version 3709383).
LogModuleManager: Display: Found up-to-date module file ../../../Engine/Plugins/2D/Paper2D/Binaries/Win64/UE4Editor-PaperSpriteSheetImporter.dll (API version 3709383).
LogModuleManager: Display: Found up-to-date module file ../../../Engine/Plugins/2D/Paper2D/Binaries/Win64/UE4Editor-PaperTiledImporter.dll (API version 3709383).
LogModuleManager: Display: Found up-to-date module file ../../../Engine/Plugins/2D/Paper2D/Binaries/Win64/UE4Editor-SmartSnapping.dll (API version 3709383).
LogModuleManager: Display: Found up-to-date module file ../../../Engine/Plugins/Blendables/LightPropagationVolume/Binaries/Win64/UE4Editor-LightPropagationVolumeRuntime.dll (API version 3709383).
LogModuleManager: Display: Found up-to-date module file ../../../Engine/Plugins/Blendables/LightPropagationVolume/Binaries/Win64/UE4Editor-LightPropagationVolumeEditor.dll (API version 3709383).
LogModuleManager: Display: Found up-to-date module file ../../../Engine/Plugins/Developer/GitSourceControl/Binaries/Win64/UE4Editor-GitSourceControl.dll (API version 3709383).
LogModuleManager: Display: Found up-to-date module file ../../../Engine/Plugins/Developer/PerforceSourceControl/Binaries/Win64/UE4Editor-PerforceSourceControl.dll (API version 3709383).
LogModuleManager: Display: Found up-to-date module file ../../../Engine/Plugins/Developer/SubversionSourceControl/Binaries/Win64/UE4Editor-SubversionSourceControl.dll (API version 3709383).
LogModuleManager: Display: Found up-to-date module file ../../../Engine/Plugins/Developer/UObjectPlugin/Binaries/Win64/UE4Editor-UObjectPlugin.dll (API version 3709383).
LogModuleManager: Display: Found up-to-date module file ../../../Engine/Plugins/Developer/VisualStudioCodeSourceCodeAccess/Binaries/Win64/UE4Editor-VisualStudioCodeSourceCodeAccess.dll (API version 3709383).
LogModuleManager: Display: Found up-to-date module file ../../../Engine/Plugins/Developer/VisualStudioSourceCodeAccess/Binaries/Win64/UE4Editor-VisualStudioSourceCodeAccess.dll (API version 3709383).
LogModuleManager: Display: Found up-to-date module file ../../../Engine/Plugins/Editor/AssetManagerEditor/Binaries/Win64/UE4Editor-AssetManagerEditor.dll (API version 3709383).
LogModuleManager: Display: Found up-to-date module file ../../../Engine/Plugins/Editor/AudioCapture/Binaries/Win64/UE4Editor-AudioCapture.dll (API version 3709383).
LogModuleManager: Display: Found up-to-date module file ../../../Engine/Plugins/Editor/FacialAnimation/Binaries/Win64/UE4Editor-FacialAnimation.dll (API version 3709383).
LogModuleManager: Display: Found up-to-date module file ../../../Engine/Plugins/Editor/FacialAnimation/Binaries/Win64/UE4Editor-FacialAnimationEditor.dll (API version 3709383).
LogModuleManager: Display: Found up-to-date module file ../../../Engine/Plugins/Editor/GameplayTagsEditor/Binaries/Win64/UE4Editor-GameplayTagsEditor.dll (API version 3709383).
LogModuleManager: Display: Found up-to-date module file ../../../Engine/Plugins/Editor/MobileLauncherProfileWizard/Binaries/Win64/UE4Editor-MobileLauncherProfileWizard.dll (API version 3709383).
LogModuleManager: Display: Found up-to-date module file ../../../Engine/Plugins/Editor/PluginBrowser/Binaries/Win64/UE4Editor-PluginBrowser.dll (API version 3709383).
LogModuleManager: Display: Found up-to-date module file ../../../Engine/Plugins/Editor/SpeedTreeImporter/Binaries/Win64/UE4Editor-SpeedTreeImporter.dll (API version 3709383).
LogModuleManager: Display: Found up-to-date module file ../../../Engine/Plugins/Experimental/AlembicImporter/Binaries/Win64/UE4Editor-AlembicImporter.dll (API version 3709383).
LogModuleManager: Display: Found up-to-date module file ../../../Engine/Plugins/Experimental/AlembicImporter/Binaries/Win64/UE4Editor-AlembicLibrary.dll (API version 3709383).
LogModuleManager: Display: Found up-to-date module file ../../../Engine/Plugins/Experimental/CharacterAI/Binaries/Win64/UE4Editor-CharacterAI.dll (API version 3709383).
LogModuleManager: Display: Found up-to-date module file ../../../Engine/Plugins/Experimental/HTML5Networking/Binaries/Win64/UE4Editor-HTML5Networking.dll (API version 3709383).
LogModuleManager: Display: Found up-to-date module file ../../../Engine/Plugins/Media/AndroidMedia/Binaries/Win64/UE4Editor-AndroidMediaEditor.dll (API version 3709383).
LogModuleManager: Display: Found up-to-date module file ../../../Engine/Plugins/Media/AndroidMedia/Binaries/Win64/UE4Editor-AndroidMediaFactory.dll (API version 3709383).
LogModuleManager: Display: Found up-to-date module file ../../../Engine/Plugins/Media/AvfMedia/Binaries/Win64/UE4Editor-AvfMediaEditor.dll (API version 3709383).
LogModuleManager: Display: Found up-to-date module file ../../../Engine/Plugins/Media/AvfMedia/Binaries/Win64/UE4Editor-AvfMediaFactory.dll (API version 3709383).
LogModuleManager: Display: Found up-to-date module file ../../../Engine/Plugins/Media/AvfMedia/Binaries/Win64/UE4Editor-AvfMediaFactory.dll (API version 3709383).
LogModuleManager: Display: Found up-to-date module file ../../../Engine/Plugins/Media/ImgMedia/Binaries/Win64/UE4Editor-ImgMedia.dll (API version 3709383).
LogModuleManager: Display: Found up-to-date module file ../../../Engine/Plugins/Media/ImgMedia/Binaries/Win64/UE4Editor-ImgMediaEditor.dll (API version 3709383).
LogModuleManager: Display: Found up-to-date module file ../../../Engine/Plugins/Media/ImgMedia/Binaries/Win64/UE4Editor-ImgMediaFactory.dll (API version 3709383).
LogModuleManager: Display: Found up-to-date module file ../../../Engine/Plugins/Media/ImgMedia/Binaries/Win64/UE4Editor-ImgMediaFactory.dll (API version 3709383).
LogModuleManager: Display: Found up-to-date module file ../../../Engine/Plugins/Media/ImgMedia/Binaries/Win64/UE4Editor-OpenExrWrapper.dll (API version 3709383).
LogModuleManager: Display: Found up-to-date module file ../../../Engine/Plugins/Media/MediaCompositing/Binaries/Win64/UE4Editor-MediaCompositing.dll (API version 3709383).
LogModuleManager: Display: Found up-to-date module file ../../../Engine/Plugins/Media/MediaCompositing/Binaries/Win64/UE4Editor-MediaCompositingEditor.dll (API version 3709383).
LogModuleManager: Display: Found up-to-date module file ../../../Engine/Plugins/Media/MediaPlayerEditor/Binaries/Win64/UE4Editor-MediaPlayerEditor.dll (API version 3709383).
LogModuleManager: Display: Found up-to-date module file ../../../Engine/Plugins/Media/WmfMedia/Binaries/Win64/UE4Editor-WmfMedia.dll (API version 3709383).
LogModuleManager: Display: Found up-to-date module file ../../../Engine/Plugins/Media/WmfMedia/Binaries/Win64/UE4Editor-WmfMediaEditor.dll (API version 3709383).
LogModuleManager: Display: Found up-to-date module file ../../../Engine/Plugins/Media/WmfMedia/Binaries/Win64/UE4Editor-WmfMediaFactory.dll (API version 3709383).
LogModuleManager: Display: Found up-to-date module file ../../../Engine/Plugins/Media/WmfMedia/Binaries/Win64/UE4Editor-WmfMediaFactory.dll (API version 3709383).
LogModuleManager: Display: Found up-to-date module file ../../../Engine/Plugins/Messaging/TcpMessaging/Binaries/Win64/UE4Editor-TcpMessaging.dll (API version 3709383).
LogModuleManager: Display: Found up-to-date module file ../../../Engine/Plugins/Messaging/UdpMessaging/Binaries/Win64/UE4Editor-UdpMessaging.dll (API version 3709383).
LogModuleManager: Display: Found up-to-date module file ../../../Engine/Plugins/MovieScene/ActorSequence/Binaries/Win64/UE4Editor-ActorSequence.dll (API version 3709383).
LogModuleManager: Display: Found up-to-date module file ../../../Engine/Plugins/MovieScene/LevelSequenceEditor/Binaries/Win64/UE4Editor-LevelSequenceEditor.dll (API version 3709383).
LogModuleManager: Display: Found up-to-date module file ../../../Engine/Plugins/MovieScene/MatineeToLevelSequence/Binaries/Win64/UE4Editor-MatineeToLevelSequence.dll (API version 3709383).
LogModuleManager: Display: Found up-to-date module file ../../../Engine/Plugins/Online/OnlineSubsystem/Binaries/Win64/UE4Editor-OnlineSubsystem.dll (API version 3709383).
LogModuleManager: Display: Found up-to-date module file ../../../Engine/Plugins/Online/OnlineSubsystemNull/Binaries/Win64/UE4Editor-OnlineSubsystemNull.dll (API version 3709383).
LogModuleManager: Display: Found up-to-date module file ../../../Engine/Plugins/Online/OnlineSubsystemUtils/Binaries/Win64/UE4Editor-OnlineSubsystemUtils.dll (API version 3709383).
LogModuleManager: Display: Found up-to-date module file ../../../Engine/Plugins/Online/OnlineSubsystemUtils/Binaries/Win64/UE4Editor-OnlineBlueprintSupport.dll (API version 3709383).
LogModuleManager: Display: Found up-to-date module file ../../../Engine/Plugins/Runtime/AndroidDeviceProfileSelector/Binaries/Win64/UE4Editor-AndroidDeviceProfileSelector.dll (API version 3709383).
LogModuleManager: Display: Found up-to-date module file ../../../Engine/Plugins/Runtime/AndroidPermission/Binaries/Win64/UE4Editor-AndroidPermission.dll (API version 3709383).
LogModuleManager: Display: Found up-to-date module file ../../../Engine/Plugins/Runtime/AppleARKit/Binaries/Win64/UE4Editor-AppleARKit.dll (API version 3709383).
LogModuleManager: Display: Found up-to-date module file ../../../Engine/Plugins/Runtime/ArchVisCharacter/Binaries/Win64/UE4Editor-ArchVisCharacter.dll (API version 3709383).
LogModuleManager: Display: Found up-to-date module file ../../../Engine/Plugins/Runtime/CableComponent/Binaries/Win64/UE4Editor-CableComponent.dll (API version 3709383).
LogModuleManager: Display: Found up-to-date module file ../../../Engine/Plugins/Runtime/CustomMeshComponent/Binaries/Win64/UE4Editor-CustomMeshComponent.dll (API version 3709383).
LogModuleManager: Display: Found up-to-date module file ../../../Engine/Plugins/Runtime/ExampleDeviceProfileSelector/Binaries/Win64/UE4Editor-ExampleDeviceProfileSelector.dll (API version 3709383).
LogModuleManager: Display: Found up-to-date module file ../../../Engine/Plugins/Runtime/ImmediatePhysics/Binaries/Win64/UE4Editor-ImmediatePhysics.dll (API version 3709383).
LogModuleManager: Display: Found up-to-date module file ../../../Engine/Plugins/Runtime/ImmediatePhysics/Binaries/Win64/UE4Editor-ImmediatePhysicsEditor.dll (API version 3709383).
LogModuleManager: Display: Found up-to-date module file ../../../Engine/Plugins/Runtime/LocationServicesBPLibrary/Binaries/Win64/UE4Editor-LocationServicesBPLibrary.dll (API version 3709383).
LogModuleManager: Display: Found up-to-date module file ../../../Engine/Plugins/Runtime/MobilePatchingUtils/Binaries/Win64/UE4Editor-MobilePatchingUtils.dll (API version 3709383).
LogModuleManager: Display: Found up-to-date module file ../../../Engine/Plugins/Runtime/Oculus/OculusVR/Binaries/Win64/UE4Editor-OculusHMD.dll (API version 3709383).
LogModuleManager: Display: Found up-to-date module file ../../../Engine/Plugins/Runtime/Oculus/OculusVR/Binaries/Win64/UE4Editor-OculusInput.dll (API version 3709383).
LogModuleManager: Display: Found up-to-date module file ../../../Engine/Plugins/Runtime/Oculus/OculusVR/Binaries/Win64/UE4Editor-OculusEditor.dll (API version 3709383).
LogModuleManager: Display: Found up-to-date module file ../../../Engine/Plugins/Runtime/PhysXVehicles/Binaries/Win64/UE4Editor-PhysXVehicles.dll (API version 3709383).
LogModuleManager: Display: Found up-to-date module file ../../../Engine/Plugins/Runtime/PhysXVehicles/Binaries/Win64/UE4Editor-PhysXVehiclesEditor.dll (API version 3709383).
LogModuleManager: Display: Found up-to-date module file ../../../Engine/Plugins/Runtime/ProceduralMeshComponent/Binaries/Win64/UE4Editor-ProceduralMeshComponent.dll (API version 3709383).
LogModuleManager: Display: Found up-to-date module file ../../../Engine/Plugins/Runtime/ProceduralMeshComponent/Binaries/Win64/UE4Editor-ProceduralMeshComponentEditor.dll (API version 3709383).
LogModuleManager: Display: Found up-to-date module file ../../../Engine/Plugins/Runtime/RuntimePhysXCooking/Binaries/Win64/UE4Editor-RuntimePhysXCooking.dll (API version 3709383).
LogModuleManager: Display: Found up-to-date module file ../../../Engine/Plugins/Runtime/Steam/SteamVR/Binaries/Win64/UE4Editor-SteamVR.dll (API version 3709383).
LogModuleManager: Display: Found up-to-date module file ../../../Engine/Plugins/Runtime/Steam/SteamVR/Binaries/Win64/UE4Editor-SteamVRController.dll (API version 3709383).
LogModuleManager: Display: Found up-to-date module file ../../../Engine/Plugins/Runtime/WindowsMoviePlayer/Binaries/Win64/UE4Editor-WindowsMoviePlayer.dll (API version 3709383).
LogModuleManager: Display: Found up-to-date module file ../../../../../../Users/funcl/Desktop/SNHU Online/GAM-495 Capstone/PaintGame_Johnson/Plugins/ComputeShader/Binaries/Win64/UE4Editor-ComputeShader.dll (API version 3709383).
LogModuleManager: Display: Found up-to-date module file ../../../../../../Users/funcl/Desktop/SNHU Online/GAM-495 Capstone/PaintGame_Johnson/Plugins/PixelShader/Binaries/Win64/UE4Editor-PixelShader.dll (API version 3709383).
LogModuleManager: Display: Found up-to-date module file ../../../../../../Users/funcl/Desktop/SNHU Online/GAM-495 Capstone/PaintGame_Johnson/Plugins/RuntimeMeshComponent/Binaries/Win64/UE4Editor-RuntimeMeshComponent.dll (API version 3709383).
LogModuleManager: Display: Found up-to-date module file ../../../../../../Users/funcl/Desktop/SNHU Online/GAM-495 Capstone/PaintGame_Johnson/Plugins/RuntimeMeshComponent/Binaries/Win64/UE4Editor-RuntimeMeshComponentEditor.dll (API version 3709383).
LogModuleManager: Display: Found up-to-date module file ../../../../../../Users/funcl/Desktop/SNHU Online/GAM-495 Capstone/PaintGame_Johnson/Plugins/Whiteboard/Binaries/Win64/UE4Editor-Whiteboard.dll (API version 3709383).
LogInit: Using libcurl 7.47.1
LogInit:  - built for x86_64-pc-win32
LogInit:  - supports SSL with OpenSSL/1.0.2g
LogInit:  - supports HTTP deflate (compression) using libz 1.2.8
LogInit:  - other features:
LogInit:      CURL_VERSION_SSL
LogInit:      CURL_VERSION_LIBZ
LogInit:      CURL_VERSION_IPV6
LogInit:      CURL_VERSION_ASYNCHDNS
LogInit:      CURL_VERSION_LARGEFILE
LogInit:      CURL_VERSION_IDN
LogInit:  CurlRequestOptions (configurable via config and command line):
LogInit:  - bVerifyPeer = false  - Libcurl will NOT verify peer certificate
LogInit:  - bUseHttpProxy = false  - Libcurl will NOT use HTTP proxy
LogInit:  - bDontReuseConnections = false  - Libcurl will reuse connections
LogInit:  - CertBundlePath = nullptr  - Libcurl will use whatever was configured at build time.
LogInit: Build: ++UE4+Release-4.18-CL-3832480
LogInit: Engine Version: 4.18.3-3832480+++UE4+Release-4.18
LogInit: Compatible Engine Version: 4.18.0-3709383+++UE4+Release-4.18
LogInit: Net CL: 3709383
LogDevObjectVersion: Number of dev versions registered: 16
LogDevObjectVersion:   Dev-Blueprints (B0D832E4-1F89-4F0D-ACCF-7EB736FD4AA2): 10
LogDevObjectVersion:   Dev-Build (E1C64328-A22C-4D53-A36C-8E866417BD8C): 0
LogDevObjectVersion:   Dev-Core (375EC13C-06E4-48FB-B500-84F0262A717E): 2
LogDevObjectVersion:   Dev-Editor (E4B068ED-F494-42E9-A231-DA0B2E46BB41): 20
LogDevObjectVersion:   Dev-Framework (CFFC743F-43B0-4480-9391-14DF171D2073): 30
LogDevObjectVersion:   Dev-Mobile (B02B49B5-BB20-44E9-A304-32B752E40360): 0
LogDevObjectVersion:   Dev-Networking (A4E4105C-59A1-49B5-A7C5-40C4547EDFEE): 0
LogDevObjectVersion:   Dev-Online (39C831C9-5AE6-47DC-9A44-9C173E1C8E7C): 0
LogDevObjectVersion:   Dev-Physics (78F01B33-EBEA-4F98-B9B4-84EACCB95AA2): 0
LogDevObjectVersion:   Dev-Platform (6631380F-2D4D-43E0-8009-CF276956A95A): 0
LogDevObjectVersion:   Dev-Rendering (12F88B9F-8875-4AFC-A67C-D90C383ABD29): 20
LogDevObjectVersion:   Dev-Sequencer (7B5AE74C-D270-4C10-A958-57980B212A5A): 4
LogDevObjectVersion:   Dev-VR (D7296918-1DD6-4BDD-9DE2-64A83CC13884): 0
LogDevObjectVersion:   Dev-LoadTimes (C2A15278-BFE7-4AFE-6C17-90FF531DF755): 1
LogDevObjectVersion:   Private-Geometry (6EACA3D4-40EC-4CC1-B786-8BED09428FC5): 1
LogDevObjectVersion:   Dev-AnimPhys (29E575DD-E0A3-4627-9D10-D276232CDCEA): 12
LogInit: Compiled (64-bit): Jan 12 2018 02:04:55
LogInit: Compiled with Visual C++: 19.00.24215.01
LogInit: Build Configuration: Development
LogInit: Branch Name: ++UE4+Release-4.18
LogInit: Command line:  
LogInit: Base directory: C:/Program Files/Epic Games/UE_4.18/Engine/Binaries/Win64/
LogInit: Installed Engine Build: 1
LogInit: Presizing for max 8388607 objects, including 0 objects not considered by GC, pre-allocating 0 bytes for permanent pool.
LogInit: Object subsystem initialized
[2021.02.15-03.29.01:976][  0]LogInit: Selected Device Profile: [Windows]
[2021.02.15-03.29.01:976][  0]LogInit: Applying CVar settings loaded from the selected device profile: [Windows]
[2021.02.15-03.29.02:194][  0]LogInit: Computer: LAPTOP-SC1AHGSB
[2021.02.15-03.29.02:194][  0]LogInit: User: funcl
[2021.02.15-03.29.02:194][  0]LogInit: CPU Page size=4096, Cores=4
[2021.02.15-03.29.02:194][  0]LogInit: High frequency timer resolution =10.000000 MHz
[2021.02.15-03.29.02:205][  0]LogMemory: Memory total: Physical=7.9GB (8GB approx)
[2021.02.15-03.29.02:205][  0]LogMemory: Platform Memory Stats for Windows
[2021.02.15-03.29.02:205][  0]LogMemory: Process Physical Memory: 273.68 MB used, 273.69 MB peak
[2021.02.15-03.29.02:205][  0]LogMemory: Process Virtual Memory: 271.79 MB used, 271.79 MB peak
[2021.02.15-03.29.02:205][  0]LogMemory: Physical Memory: 5238.27 MB used,  2828.03 MB free, 8066.30 MB total
[2021.02.15-03.29.02:205][  0]LogMemory: Virtual Memory: 4765.73 MB used,  2828.03 MB free, 134217728.00 MB total
[2021.02.15-03.29.03:727][  0]LogInit: Using OS detected language (en-US).
[2021.02.15-03.29.03:727][  0]LogInit: Using OS detected locale (en-US).
[2021.02.15-03.29.04:222][  0]LogTextLocalizationManager: No specific localization for 'en-US' exists, so the 'en' localization will be used.
[2021.02.15-03.29.05:140][  0]LogInit: Setting process to per monitor DPI aware
[2021.02.15-03.29.14:180][  0]LogD3D11RHI: D3D11 adapters:
[2021.02.15-03.29.14:255][  0]LogD3D11RHI:    0. 'NVIDIA GeForce GTX 1050' (Feature Level 11_0)
[2021.02.15-03.29.14:255][  0]LogD3D11RHI:       4019/0/4033 MB DedicatedVideo/DedicatedSystem/SharedSystem, Outputs:1, VendorId:0x10de
[2021.02.15-03.29.14:282][  0]LogD3D11RHI:    1. 'Intel(R) UHD Graphics 630' (Feature Level 11_0)
[2021.02.15-03.29.14:282][  0]LogD3D11RHI:       128/0/4033 MB DedicatedVideo/DedicatedSystem/SharedSystem, Outputs:0, VendorId:0x8086
[2021.02.15-03.29.14:285][  0]LogD3D11RHI:    2. 'Microsoft Basic Render Driver' (Feature Level 11_0)
[2021.02.15-03.29.14:285][  0]LogD3D11RHI:       0/0/4033 MB DedicatedVideo/DedicatedSystem/SharedSystem, Outputs:0, VendorId:0x1414
[2021.02.15-03.29.14:285][  0]LogD3D11RHI: Chosen D3D11 Adapter: 0
[2021.02.15-03.29.14:322][  0]LogD3D11RHI: Creating new Direct3DDevice
[2021.02.15-03.29.14:322][  0]LogD3D11RHI:     GPU DeviceId: 0x1c8d (for the marketing name, search the web for "GPU Device Id")
[2021.02.15-03.29.14:322][  0]LogWindows: EnumDisplayDevices:
[2021.02.15-03.29.14:323][  0]LogWindows:    0. 'Intel(R) UHD Graphics 630' (P:1 D:1)
[2021.02.15-03.29.14:370][  0]LogWindows:    1. 'Intel(R) UHD Graphics 630' (P:0 D:0)
[2021.02.15-03.29.14:370][  0]LogWindows:    2. 'Intel(R) UHD Graphics 630' (P:0 D:0)
[2021.02.15-03.29.14:370][  0]LogWindows:    3. 'NVIDIA GeForce GTX 1050' (P:0 D:0)
[2021.02.15-03.29.14:371][  0]LogWindows:    4. 'NVIDIA GeForce GTX 1050' (P:0 D:0)
[2021.02.15-03.29.14:371][  0]LogWindows:    5. 'NVIDIA GeForce GTX 1050' (P:0 D:0)
[2021.02.15-03.29.14:371][  0]LogWindows:    6. 'NVIDIA GeForce GTX 1050' (P:0 D:0)
[2021.02.15-03.29.14:371][  0]LogWindows: DebugString: GetVideoDriverDetailsInvalid PrimaryIsNotTheChoosenAdapter GetVideoDriverDetailsInvalid PrimaryIsNotTheChoosenAdapter GetVideoDriverDetailsInvalid PrimaryIsNotTheChoosenAdapter GetVideoDriverDetailsInvalid PrimaryIsNotTheChoosenAdapter GetVideoDriverDetailsInvalid PrimaryIsNotTheChoosenAdapter GetVideoDriverDetailsInvalid PrimaryIsNotTheChoosenAdapter GetVideoDriverDetailsInvalid PrimaryIsNotTheChoosenAdapter FoundDriverCount:0 
[2021.02.15-03.29.14:371][  0]LogD3D11RHI:     Adapter Name: NVIDIA GeForce GTX 1050
[2021.02.15-03.29.14:371][  0]LogD3D11RHI:   Driver Version: Unknown (internal:Unknown, unified:Unknown)
[2021.02.15-03.29.14:371][  0]LogD3D11RHI:      Driver Date: Unknown
[2021.02.15-03.29.14:371][  0]LogRHI: Texture pool is 2813 MB (70% of 4019 MB)
[2021.02.15-03.29.14:428][  0]LogD3D11RHI: Async texture creation enabled
[2021.02.15-03.29.14:888][  0]LogD3D11RHI: GPU Timing Frequency: 1000.000000 (Debug: 2 2)
[2021.02.15-03.29.14:984][  0]LogShaderCompilers: Guid format shader working directory is -38 characters bigger than the processId version (../../../../../../Users/funcl/Desktop/SNHU Online/GAM-495 Capstone/PaintGame_Johnson/Intermediate/Shaders/WorkingDirectory/5504/).
[2021.02.15-03.29.14:984][  0]LogShaderCompilers: Cleaned the shader compiler working directory 'C:/Users/funcl/AppData/Local/Temp/UnrealShaderWorkingDir/2BED946B42BA4CB1EAA58DB5BC8F8A19/'.
[2021.02.15-03.29.15:001][  0]LogShaderCompilers: Display: Using Local Shader Compiler.
[2021.02.15-03.29.26:874][  0]LogTemp: Display: Loaded TP AllDesktopTargetPlatform
[2021.02.15-03.29.26:972][  0]LogTemp: Display: Loaded TP MacClientTargetPlatform
[2021.02.15-03.29.27:069][  0]LogTemp: Display: Loaded TP MacNoEditorTargetPlatform
[2021.02.15-03.29.27:167][  0]LogTemp: Display: Loaded TP MacServerTargetPlatform
[2021.02.15-03.29.27:785][  0]LogTemp: Display: Loaded TP MacTargetPlatform
[2021.02.15-03.29.27:882][  0]LogTemp: Display: Loaded TP WindowsClientTargetPlatform
[2021.02.15-03.29.27:979][  0]LogTemp: Display: Loaded TP WindowsNoEditorTargetPlatform
[2021.02.15-03.29.28:076][  0]LogTemp: Display: Loaded TP WindowsServerTargetPlatform
[2021.02.15-03.29.28:315][  0]LogTemp: Display: Loaded TP WindowsTargetPlatform
[2021.02.15-03.29.28:410][  0]LogTemp: Display: Loaded TP Android_ASTCTargetPlatform
[2021.02.15-03.29.28:506][  0]LogTemp: Display: Loaded TP Android_ATCTargetPlatform
[2021.02.15-03.29.28:733][  0]LogTemp: Display: Loaded TP Android_DXTTargetPlatform
[2021.02.15-03.29.28:931][  0]LogTemp: Display: Loaded TP Android_ETC1TargetPlatform
[2021.02.15-03.29.29:023][  0]LogTemp: Display: Loaded TP Android_ETC2TargetPlatform
[2021.02.15-03.29.29:208][  0]LogTemp: Display: Loaded TP Android_MultiTargetPlatform
[2021.02.15-03.29.29:208][  0]LogTemp: Display: Loaded TP Android_PVRTCTargetPlatform
[2021.02.15-03.29.29:340][  0]LogTemp: Display: Loaded TP AndroidTargetPlatform
[2021.02.15-03.29.29:426][  0]LogTemp: Display: Loaded TP HTML5TargetPlatform
[2021.02.15-03.29.29:688][  0]LogTemp: Display: Loaded TP IOSTargetPlatform
[2021.02.15-03.29.29:739][  0]LogTemp: Display: Loaded TP TVOSTargetPlatform
[2021.02.15-03.29.29:831][  0]LogTemp: Display: Loaded TP LinuxClientTargetPlatform
[2021.02.15-03.29.29:923][  0]LogTemp: Display: Loaded TP LinuxNoEditorTargetPlatform
[2021.02.15-03.29.30:018][  0]LogTemp: Display: Loaded TP LinuxServerTargetPlatform
[2021.02.15-03.29.30:202][  0]LogTemp: Display: Loaded TP LinuxTargetPlatform
[2021.02.15-03.29.30:410][  0]LogTargetPlatformManager: Display: Building Assets For Windows
[2021.02.15-03.29.33:384][  0]LogDerivedDataCache: Display: Max Cache Size: 512 MB
[2021.02.15-03.29.34:071][  0]LogDerivedDataCache: Loaded boot cache 0.66s 85MB C:/Users/funcl/AppData/Local/UnrealEngine/4.18/DerivedDataCache/Boot.ddc.
[2021.02.15-03.29.34:071][  0]LogDerivedDataCache: Display: Loaded Boot cache: C:/Users/funcl/AppData/Local/UnrealEngine/4.18/DerivedDataCache/Boot.ddc
[2021.02.15-03.29.34:071][  0]LogDerivedDataCache: FDerivedDataBackendGraph:  Pak pak cache file ../../../../../../Users/funcl/Desktop/SNHU Online/GAM-495 Capstone/PaintGame_Johnson/DerivedDataCache/DDC.ddp not found, will not use a pak cache.
[2021.02.15-03.29.34:071][  0]LogDerivedDataCache: Unable to find inner node Pak for hierarchical cache Hierarchy.
[2021.02.15-03.29.34:071][  0]LogDerivedDataCache: FDerivedDataBackendGraph:  CompressedPak pak cache file ../../../../../../Users/funcl/Desktop/SNHU Online/GAM-495 Capstone/PaintGame_Johnson/DerivedDataCache/Compressed.ddp not found, will not use a pak cache.
[2021.02.15-03.29.34:071][  0]LogDerivedDataCache: Unable to find inner node CompressedPak for hierarchical cache Hierarchy.
[2021.02.15-03.29.34:278][  0]LogDerivedDataCache: Display: Pak cache opened for reading ../../../Engine/DerivedDataCache/Compressed.ddp.
[2021.02.15-03.29.34:290][  0]LogDerivedDataCache: Using Local data cache path C:/Users/funcl/AppData/Local/UnrealEngine/Common/DerivedDataCache: Writable
[2021.02.15-03.29.34:482][  0]LogMaterial: Verifying Global Shaders for PCD3D_SM5
[2021.02.15-03.29.34:596][  0]LogSlate: Using Freetype 2.6.0
[2021.02.15-03.29.34:739][  0]LogSlate: SlateFontCache - WITH_FREETYPE: 1, WITH_HARFBUZZ: 1
[2021.02.15-03.29.34:739][  0]LogSlate: SlateFontCache - WITH_FREETYPE: 1, WITH_HARFBUZZ: 1
[2021.02.15-03.29.51:603][  0]LogInit: Selected Device Profile: [Windows]
[2021.02.15-03.29.54:930][  0]LogSimplygon: Simplygon DLL not present - disabling.
[2021.02.15-03.29.55:099][  0]LogMeshReduction: Using SimplygonSwarm for distributed automatic mesh merging
[2021.02.15-03.29.55:119][  0]LogMeshReduction: Using QuadricMeshReduction for automatic static mesh reduction
[2021.02.15-03.29.55:119][  0]LogMeshReduction: No automatic skeletal mesh reduction module available
[2021.02.15-03.29.55:119][  0]LogMeshReduction: No automatic mesh merging module available
[2021.02.15-03.29.55:119][  0]LogMeshMerging: No automatic mesh merging module available
[2021.02.15-03.29.55:967][  0]LogNetVersion: PaintGame_Johnson , NetCL: 3709383, EngineNetVer: 2, GameNetVer: 0 (Checksum: 1152458577)
[2021.02.15-03.29.58:877][  0]LogAssetRegistry: FAssetRegistry took 0.0506 seconds to start up
[2021.02.15-03.30.13:433][  0]LogPackageLocalizationCache: Processed 8 localized package path(s) for 2 prioritized culture(s) in 0.672056 seconds
[2021.02.15-03.30.13:527][  0]LogUObjectArray: 35870 objects as part of root set at end of initial load.
[2021.02.15-03.30.13:528][  0]LogUObjectAllocator: 7363704 out of 0 bytes used by permanent object pool.
[2021.02.15-03.30.13:528][  0]LogUObjectArray: CloseDisregardForGC: 0/0 objects in disregard for GC pool
[2021.02.15-03.30.13:764][  0]LogInit: WinSock: version 1.1 (2.2), MaxSocks=32767, MaxUdp=65467
[2021.02.15-03.30.47:673][  0]LogTcpMessaging: Initializing TcpMessaging bridge
[2021.02.15-03.30.47:775][  0]LogUdpMessaging: Initializing bridge on interface 0.0.0.0:0 to multicast group 230.0.0.1:6666.
[2021.02.15-03.30.56:630][  0]LogMaterial: Uniform references updated for custom material expression Custom.
[2021.02.15-03.30.58:378][  0]SourceControl: Source control is disabled
[2021.02.15-03.30.58:379][  0]SourceControl: Source control is disabled
[2021.02.15-03.30.58:614][  0]SourceControl: Source control is disabled
[2021.02.15-03.30.58:791][  0]SourceControl: Source control is disabled
[2021.02.15-03.31.01:624][  0]LogAndroidPermission: UAndroidPermissionCallbackProxy::GetInstance
[2021.02.15-03.31.02:238][  0]LogOcInput: OculusInput pre-init called
[2021.02.15-03.31.04:432][  0]LogEngine: Initializing Engine...
[2021.02.15-03.31.04:544][  0]LogHMD: Failed to initialize OpenVR with code 110
[2021.02.15-03.31.06:293][  0]LogStats: UGameplayTagsManager::ConstructGameplayTagTree: Construct from data asset -  0.000 s
[2021.02.15-03.31.06:299][  0]LogStats: UGameplayTagsManager::ConstructGameplayTagTree: GameplayTagTreeChangedEvent.Broadcast -  0.005 s
[2021.02.15-03.31.07:348][  0]LogAIModule: Creating AISystem for world Untitled
[2021.02.15-03.31.07:549][  0]LogInit: XAudio2 using 'Speakers (Realtek(R) Audio)' : 2 channels at 48 kHz using 32 bits per sample (channel mask 0x3)
[2021.02.15-03.31.08:659][  0]LogInit: FAudioDevice initialized.
[2021.02.15-03.31.08:909][  0]LogDerivedDataCache: Saved boot cache 0.19s 85MB C:/Users/funcl/AppData/Local/UnrealEngine/4.18/DerivedDataCache/Boot.ddc.
[2021.02.15-03.31.08:920][  0]LogInit: Texture streaming: Enabled
[2021.02.15-03.31.09:655][  0]LogEngineSessionManager: EngineSessionManager initialized
[2021.02.15-03.31.10:336][  0]LogInit: Transaction tracking system initialized
[2021.02.15-03.31.11:385][  0]BlueprintLog: New page: Editor Load
[2021.02.15-03.31.15:343][  0]LocalizationService: Localization service is disabled
[2021.02.15-03.31.18:539][  0]LogConsoleResponse: Display: 
[2021.02.15-03.31.24:508][  0]LogCook: Display: Max memory allowance for cook 16384mb min free memory 0mb
[2021.02.15-03.31.24:511][  0]LogCook: Display: Mobile HDR setting 1
[2021.02.15-03.31.24:537][  0]LogGameplayTags: Display: UGameplayTagsManager::DoneAddingNativeTags. DelegateIsBound: 0
[2021.02.15-03.31.24:619][  0]LogFileCache: Scanning file cache for directory 'C:/Users/funcl/Desktop/SNHU Online/GAM-495 Capstone/PaintGame_Johnson/Content/' took 0.25s
[2021.02.15-03.31.29:319][  0]SourceControl: Source control is disabled
[2021.02.15-03.31.29:352][  0]Cmd: MAP LOAD FILE="../../../../../../Users/funcl/Desktop/SNHU Online/GAM-495 Capstone/PaintGame_Johnson/Content/FirstPersonCPP/Maps/FirstPersonExampleMap.umap" TEMPLATE=0 SHOWPROGRESS=1 FEATURELEVEL=3
[2021.02.15-03.31.29:393][  0]LightingResults: New page: Lighting Build
[2021.02.15-03.31.29:930][  0]MapCheck: New page: Map Check
[2021.02.15-03.31.29:930][  0]LightingResults: New page: Lighting Build
[2021.02.15-03.31.33:237][  0]LogAIModule: Creating AISystem for world FirstPersonExampleMap
[2021.02.15-03.31.34:381][  0]LogEditorServer: Finished looking for orphan Actors (0.000 secs)
[2021.02.15-03.31.34:551][  0]Cmd: MAP CHECKDEP NOCLEARLOG
[2021.02.15-03.31.34:643][  0]MapCheck: Map check complete: 0 Error(s), 0 Warning(s), took 91.609ms to complete.
[2021.02.15-03.31.34:643][  0]LogFileHelpers: Loading map 'FirstPersonExampleMap' took 5.309
[2021.02.15-03.31.37:780][  0]LogCollectionManager: Loaded 0 collections in 0.003155 seconds
[2021.02.15-03.31.38:083][  0]LogFileCache: Scanning file cache for directory 'C:/Users/funcl/Desktop/SNHU Online/GAM-495 Capstone/PaintGame_Johnson/Saved/Collections/' took 0.01s
[2021.02.15-03.31.38:083][  0]LogFileCache: Scanning file cache for directory 'C:/Users/funcl/Desktop/SNHU Online/GAM-495 Capstone/PaintGame_Johnson/Content/Developers/funcl/Collections/' took 0.01s
[2021.02.15-03.31.38:083][  0]LogFileCache: Scanning file cache for directory 'C:/Users/funcl/Desktop/SNHU Online/GAM-495 Capstone/PaintGame_Johnson/Content/Collections/' took 0.01s
[2021.02.15-03.31.38:083][  0]LogCollectionManager: Rebuilt the GUID cache for 0 collections in 0.000000 seconds
[2021.02.15-03.31.38:130][  0]LogContentBrowser: Native class hierarchy populated in 0.0389 seconds. Added 2375 classes and 527 folders.
[2021.02.15-03.31.38:472][  0]LogContentBrowser: Native class hierarchy updated for 'WidgetCarousel' in 0.0011 seconds. Added 0 classes and 0 folders.
[2021.02.15-03.31.41:573][  0]LogContentBrowser: Native class hierarchy updated for 'AddContentDialog' in 0.0012 seconds. Added 0 classes and 0 folders.
[2021.02.15-03.31.42:189][  0]LogContentBrowser: Native class hierarchy updated for 'SceneOutliner' in 0.0012 seconds. Added 1 classes and 2 folders.
[2021.02.15-03.31.43:655][  0]LogSlate: Took 0.042603 seconds to synchronously load lazily loaded font '../../../Engine/Content/Slate/Fonts/Roboto-Regular.ttf' (155K)
[2021.02.15-03.31.43:820][  0]LogSlate: Took 0.159410 seconds to synchronously load lazily loaded font '../../../Engine/Content/Slate/Fonts/Roboto-Bold.ttf' (160K)
[2021.02.15-03.31.44:158][  0]LogSlate: Took 0.035626 seconds to synchronously load lazily loaded font '../../../Engine/Content/Editor/Slate/Fonts/FontAwesome.ttf' (139K)
[2021.02.15-03.31.45:519][  0]LogRenderer: Reallocating scene render targets to support 956x436 Format 10 NumSamples 1 (Frame:1).
[2021.02.15-03.31.46:132][  0]LogSlate: Took 0.017542 seconds to synchronously load lazily loaded font '../../../Engine/Content/Slate/Fonts/Roboto-Light.ttf' (159K)
[2021.02.15-03.31.46:907][  0]LogContentBrowser: Native class hierarchy updated for 'HierarchicalLODOutliner' in 0.0011 seconds. Added 1 classes and 2 folders.
[2021.02.15-03.31.46:907][  0]LogLoad: (Engine Initialization) Total time: 210.18 seconds
[2021.02.15-03.31.46:907][  0]LogLoad: (Engine Initialization) Total Blueprint compile time: 0.00 seconds
[2021.02.15-03.31.46:928][  0]LogExternalProfiler: No external profilers were discovered.  External profiling features will not be available.
[2021.02.15-03.31.47:972][  0]LogContentStreaming: Texture pool size now 1000 MB
[2021.02.15-03.31.48:389][  1]LogFileCache: Retrieving MD5 hashes for directory 'C:/Users/funcl/Desktop/SNHU Online/GAM-495 Capstone/PaintGame_Johnson/Content/' took 0.89s
[2021.02.15-03.31.49:281][  3]LogAssetRegistry: Asset discovery search completed in 110.4270 seconds
[2021.02.15-03.31.49:341][  3]LogCollectionManager: Rebuilt the object cache for 0 collections in 0.000001 seconds (found 0 objects)
[2021.02.15-03.31.49:342][  3]LogCollectionManager: Fixed up redirectors for 0 collections in 0.038352 seconds (updated 0 objects)
[2021.02.15-03.36.53:600][ 29]LogTemp: Repeating last play command: Selected Viewport
[2021.02.15-03.36.53:796][ 29]LogBlueprintUserMessages: Early PlayInEditor Detection: Level '/Game/FirstPersonCPP/Maps/FirstPersonExampleMap.FirstPersonExampleMap:PersistentLevel' has LevelScriptBlueprint '/Game/FirstPersonCPP/Maps/FirstPersonExampleMap.FirstPersonExampleMap:PersistentLevel.FirstPersonExampleMap' with GeneratedClass '/Game/FirstPersonCPP/Maps/FirstPersonExampleMap.FirstPersonExampleMap_C' with ClassGeneratedBy '/Game/FirstPersonCPP/Maps/FirstPersonExampleMap.FirstPersonExampleMap:PersistentLevel.FirstPersonExampleMap'
[2021.02.15-03.36.53:819][ 29]LogPlayLevel: PlayLevel: No blueprints needed recompiling
[2021.02.15-03.36.54:134][ 29]PIE: New page: PIE session: FirstPersonExampleMap (Feb 14, 2021, 5:36:53 PM)
[2021.02.15-03.36.54:158][ 29]LogPlayLevel: Creating play world package: /Game/FirstPersonCPP/Maps/UEDPIE_0_FirstPersonExampleMap
[2021.02.15-03.36.54:421][ 29]LogPlayLevel: PIE: StaticDuplicateObject took: (0.262922s)
[2021.02.15-03.36.54:423][ 29]LogAIModule: Creating AISystem for world FirstPersonExampleMap
[2021.02.15-03.36.54:438][ 29]LogPlayLevel: PIE: World Init took: (0.017272s)
[2021.02.15-03.36.54:452][ 29]LogPlayLevel: PIE: Created PIE world by copying editor world from /Game/FirstPersonCPP/Maps/FirstPersonExampleMap.FirstPersonExampleMap to /Game/FirstPersonCPP/Maps/UEDPIE_0_FirstPersonExampleMap.FirstPersonExampleMap (0.294270s)
[2021.02.15-03.36.54:522][ 29]LogInit: XAudio2 using 'Speakers (Realtek(R) Audio)' : 2 channels at 48 kHz using 32 bits per sample (channel mask 0x3)
[2021.02.15-03.36.54:538][ 29]LogInit: FAudioDevice initialized.
[2021.02.15-03.36.54:650][ 29]LogLoad: Game class is 'PaintGame_JohnsonGameMode'
[2021.02.15-03.36.54:852][ 29]LogWorld: Bringing World /Game/FirstPersonCPP/Maps/UEDPIE_0_FirstPersonExampleMap.FirstPersonExampleMap up for play (max tick rate 60) at 2021.02.14-22.36.54
[2021.02.15-03.36.54:917][ 29]LogWorld: Bringing up level for play took: 0.095420
[2021.02.15-03.36.55:164][ 29]LogContentBrowser: Native class hierarchy updated for 'MovieSceneCapture' in 0.0109 seconds. Added 11 classes and 0 folders.
[2021.02.15-03.36.55:325][ 29]PIE: Play in editor start time for /Game/FirstPersonCPP/Maps/UEDPIE_0_FirstPersonExampleMap 1.781
[2021.02.15-03.36.55:325][ 29]LogBlueprintUserMessages: Late PlayInEditor Detection: Level '/Game/FirstPersonCPP/Maps/FirstPersonExampleMap.FirstPersonExampleMap:PersistentLevel' has LevelScriptBlueprint '/Game/FirstPersonCPP/Maps/FirstPersonExampleMap.FirstPersonExampleMap:PersistentLevel.FirstPersonExampleMap' with GeneratedClass '/Game/FirstPersonCPP/Maps/FirstPersonExampleMap.FirstPersonExampleMap_C' with ClassGeneratedBy '/Game/FirstPersonCPP/Maps/FirstPersonExampleMap.FirstPersonExampleMap:PersistentLevel.FirstPersonExampleMap'
[2021.02.15-03.36.55:830][ 30]Cmd: LevelEditor.ToggleImmersive
[2021.02.15-03.36.56:226][ 31]LogRenderer: Reallocating scene render targets to support 1540x828 Format 10 NumSamples 1 (Frame:3).
[2021.02.15-03.38.30:781][632]LogBlueprintUserMessages: Early EndPlayMap Detection: Level '/Game/FirstPersonCPP/Maps/FirstPersonExampleMap.FirstPersonExampleMap:PersistentLevel' has LevelScriptBlueprint '/Game/FirstPersonCPP/Maps/FirstPersonExampleMap.FirstPersonExampleMap:PersistentLevel.FirstPersonExampleMap' with GeneratedClass '/Game/FirstPersonCPP/Maps/FirstPersonExampleMap.FirstPersonExampleMap_C' with ClassGeneratedBy '/Game/FirstPersonCPP/Maps/FirstPersonExampleMap.FirstPersonExampleMap:PersistentLevel.FirstPersonExampleMap'
[2021.02.15-03.38.31:280][632]LogBlueprintUserMessages: Late EndPlayMap Detection: Level '/Game/FirstPersonCPP/Maps/FirstPersonExampleMap.FirstPersonExampleMap:PersistentLevel' has LevelScriptBlueprint '/Game/FirstPersonCPP/Maps/FirstPersonExampleMap.FirstPersonExampleMap:PersistentLevel.FirstPersonExampleMap' with GeneratedClass '/Game/FirstPersonCPP/Maps/FirstPersonExampleMap.FirstPersonExampleMap_C' with ClassGeneratedBy '/Game/FirstPersonCPP/Maps/FirstPersonExampleMap.FirstPersonExampleMap:PersistentLevel.FirstPersonExampleMap'
[2021.02.15-03.39.08:584][918]LogEditorViewport: Clicking on Actor (LMB): RuntimeCubeActor (RuntimeCubeActor14)
[2021.02.15-03.39.14:725][166]LogEditorViewport: Clicking on Actor (LMB): MyActor1 (MyActor11)
[2021.02.15-03.39.21:166][430]LogTemp: Repeating last play command: Selected Viewport
[2021.02.15-03.39.21:186][430]LogBlueprintUserMessages: Early PlayInEditor Detection: Level '/Game/FirstPersonCPP/Maps/FirstPersonExampleMap.FirstPersonExampleMap:PersistentLevel' has LevelScriptBlueprint '/Game/FirstPersonCPP/Maps/FirstPersonExampleMap.FirstPersonExampleMap:PersistentLevel.FirstPersonExampleMap' with GeneratedClass '/Game/FirstPersonCPP/Maps/FirstPersonExampleMap.FirstPersonExampleMap_C' with ClassGeneratedBy '/Game/FirstPersonCPP/Maps/FirstPersonExampleMap.FirstPersonExampleMap:PersistentLevel.FirstPersonExampleMap'
[2021.02.15-03.39.21:187][430]LogPlayLevel: PlayLevel: No blueprints needed recompiling
[2021.02.15-03.39.21:187][430]PIE: New page: PIE session: FirstPersonExampleMap (Feb 14, 2021, 5:39:21 PM)
[2021.02.15-03.39.21:188][430]LogPlayLevel: Creating play world package: /Game/FirstPersonCPP/Maps/UEDPIE_0_FirstPersonExampleMap
[2021.02.15-03.39.22:453][430]LogPlayLevel: PIE: StaticDuplicateObject took: (1.265434s)
[2021.02.15-03.39.22:454][430]LogAIModule: Creating AISystem for world FirstPersonExampleMap
[2021.02.15-03.39.22:454][430]LogPlayLevel: PIE: World Init took: (0.000962s)
[2021.02.15-03.39.22:454][430]LogPlayLevel: PIE: Created PIE world by copying editor world from /Game/FirstPersonCPP/Maps/FirstPersonExampleMap.FirstPersonExampleMap to /Game/FirstPersonCPP/Maps/UEDPIE_0_FirstPersonExampleMap.FirstPersonExampleMap (1.266849s)
[2021.02.15-03.39.22:494][430]LogInit: XAudio2 using 'Speakers (Realtek(R) Audio)' : 2 channels at 48 kHz using 32 bits per sample (channel mask 0x3)
[2021.02.15-03.39.22:524][430]LogInit: FAudioDevice initialized.
[2021.02.15-03.39.22:560][430]LogLoad: Game class is 'PaintGame_JohnsonGameMode'
[2021.02.15-03.39.22:565][430]LogWorld: Bringing World /Game/FirstPersonCPP/Maps/UEDPIE_0_FirstPersonExampleMap.FirstPersonExampleMap up for play (max tick rate 60) at 2021.02.14-22.39.22
[2021.02.15-03.39.22:565][430]LogWorld: Bringing up level for play took: 0.004095
[2021.02.15-03.39.22:568][430]PIE: Play in editor start time for /Game/FirstPersonCPP/Maps/UEDPIE_0_FirstPersonExampleMap 1.024
[2021.02.15-03.39.22:569][430]LogBlueprintUserMessages: Late PlayInEditor Detection: Level '/Game/FirstPersonCPP/Maps/FirstPersonExampleMap.FirstPersonExampleMap:PersistentLevel' has LevelScriptBlueprint '/Game/FirstPersonCPP/Maps/FirstPersonExampleMap.FirstPersonExampleMap:PersistentLevel.FirstPersonExampleMap' with GeneratedClass '/Game/FirstPersonCPP/Maps/FirstPersonExampleMap.FirstPersonExampleMap_C' with ClassGeneratedBy '/Game/FirstPersonCPP/Maps/FirstPersonExampleMap.FirstPersonExampleMap:PersistentLevel.FirstPersonExampleMap'
[2021.02.15-03.41.17:721][821]LogBlueprintUserMessages: Early EndPlayMap Detection: Level '/Game/FirstPersonCPP/Maps/FirstPersonExampleMap.FirstPersonExampleMap:PersistentLevel' has LevelScriptBlueprint '/Game/FirstPersonCPP/Maps/FirstPersonExampleMap.FirstPersonExampleMap:PersistentLevel.FirstPersonExampleMap' with GeneratedClass '/Game/FirstPersonCPP/Maps/FirstPersonExampleMap.FirstPersonExampleMap_C' with ClassGeneratedBy '/Game/FirstPersonCPP/Maps/FirstPersonExampleMap.FirstPersonExampleMap:PersistentLevel.FirstPersonExampleMap'
[2021.02.15-03.41.17:777][821]LogBlueprintUserMessages: Late EndPlayMap Detection: Level '/Game/FirstPersonCPP/Maps/FirstPersonExampleMap.FirstPersonExampleMap:PersistentLevel' has LevelScriptBlueprint '/Game/FirstPersonCPP/Maps/FirstPersonExampleMap.FirstPersonExampleMap:PersistentLevel.FirstPersonExampleMap' with GeneratedClass '/Game/FirstPersonCPP/Maps/FirstPersonExampleMap.FirstPersonExampleMap_C' with ClassGeneratedBy '/Game/FirstPersonCPP/Maps/FirstPersonExampleMap.FirstPersonExampleMap:PersistentLevel.FirstPersonExampleMap'
[2021.02.15-03.41.18:967][873]Cmd: SELECT NONE
[2021.02.15-03.41.24:089][ 39]Cmd: QUIT_EDITOR
[2021.02.15-03.41.25:507][ 39]LogWindowsTextInputMethodSystem: Display: IME system now deactivated.
[2021.02.15-03.41.26:458][ 39]LogExit: Preparing to exit.
[2021.02.15-03.41.27:629][ 39]LogDirectoryWatcher: A directory notification for 'C:/Users/funcl/Desktop/SNHU Online/GAM-495 Capstone/PaintGame_Johnson/Content/' was aborted.
[2021.02.15-03.41.28:964][ 39]LogExit: Editor shut down
[2021.02.15-03.41.28:974][ 39]LogExit: Transaction tracking system shut down
[2021.02.15-03.41.31:266][ 39]LogDirectoryWatcher: A directory notification for '../../../Engine/Content/' was aborted.
[2021.02.15-03.41.31:266][ 39]LogDirectoryWatcher: A directory notification for '../../../../../../Users/funcl/Desktop/SNHU Online/GAM-495 Capstone/PaintGame_Johnson/Content/' was aborted.
[2021.02.15-03.41.31:266][ 39]LogDirectoryWatcher: A directory notification for '../../../Engine/Plugins/2D/Paper2D/Content/' was aborted.
[2021.02.15-03.41.31:266][ 39]LogDirectoryWatcher: A directory notification for '../../../Engine/Plugins/Media/MediaCompositing/Content/' was aborted.
[2021.02.15-03.41.31:266][ 39]LogDirectoryWatcher: A directory notification for '../../../Engine/Plugins/Runtime/AppleARKit/Content/' was aborted.
[2021.02.15-03.41.31:267][ 39]LogDirectoryWatcher: A directory notification for '../../../Engine/Plugins/Runtime/Oculus/OculusVR/Content/' was aborted.
[2021.02.15-03.41.31:267][ 39]LogDirectoryWatcher: A directory notification for '../../../Engine/Plugins/Runtime/Steam/SteamVR/Content/' was aborted.
[2021.02.15-03.41.31:267][ 39]LogDirectoryWatcher: A directory notification for '../../../../../../Users/funcl/Desktop/SNHU Online/GAM-495 Capstone/PaintGame_Johnson/Plugins/Whiteboard/Content/' was aborted.
[2021.02.15-03.41.37:662][ 39]LogExit: Object subsystem successfully closed.
[2021.02.15-03.41.38:882][ 39]LogD3D11RHI: Shutdown
[2021.02.15-03.41.38:933][ 39]LogD3D11RHI: CleanupD3DDevice
[2021.02.15-03.41.39:063][ 39]LogD3D11RHI: ~FD3D11DynamicRHI
[2021.02.15-03.41.43:255][ 39]LogModuleManager: Shutting down and abandoning module MovieSceneCapture (562)
[2021.02.15-03.41.43:255][ 39]LogModuleManager: Shutting down and abandoning module HierarchicalLODOutliner (560)
[2021.02.15-03.41.43:255][ 39]LogModuleManager: Shutting down and abandoning module DesktopPlatform (558)
[2021.02.15-03.41.43:329][ 39]LogModuleManager: Shutting down and abandoning module SceneOutliner (556)
[2021.02.15-03.41.43:356][ 39]LogModuleManager: Shutting down and abandoning module AddContentDialog (554)
[2021.02.15-03.41.43:389][ 39]LogDirectoryWatcher: A directory notification for 'C:/Program Files/Epic Games/UE_4.18/FeaturePacks/' was aborted.
[2021.02.15-03.41.43:391][ 39]LogModuleManager: Shutting down and abandoning module WidgetCarousel (553)
[2021.02.15-03.41.43:391][ 39]LogModuleManager: Shutting down and abandoning module EditorWidgets (550)
[2021.02.15-03.41.43:391][ 39]LogModuleManager: Shutting down and abandoning module CollectionManager (548)
[2021.02.15-03.41.43:419][ 39]LogDirectoryWatcher: A directory notification for 'C:/Users/funcl/Desktop/SNHU Online/GAM-495 Capstone/PaintGame_Johnson/Content/Collections/' was aborted.
[2021.02.15-03.41.43:419][ 39]LogDirectoryWatcher: A directory notification for 'C:/Users/funcl/Desktop/SNHU Online/GAM-495 Capstone/PaintGame_Johnson/Content/Developers/funcl/Collections/' was aborted.
[2021.02.15-03.41.43:419][ 39]LogDirectoryWatcher: A directory notification for 'C:/Users/funcl/Desktop/SNHU Online/GAM-495 Capstone/PaintGame_Johnson/Saved/Collections/' was aborted.
[2021.02.15-03.41.43:419][ 39]LogModuleManager: Shutting down and abandoning module StatsViewer (546)
[2021.02.15-03.41.43:525][ 39]LogModuleManager: Shutting down and abandoning module FoliageEdit (544)
[2021.02.15-03.41.43:580][ 39]LogModuleManager: Shutting down and abandoning module LandscapeEditor (542)
[2021.02.15-03.41.43:834][ 39]LogModuleManager: Shutting down and abandoning module MeshPaintMode (540)
[2021.02.15-03.41.43:854][ 39]LogModuleManager: Shutting down and abandoning module SceneDepthPickerMode (538)
[2021.02.15-03.41.43:854][ 39]LogModuleManager: Shutting down and abandoning module ActorPickerMode (536)
[2021.02.15-03.41.43:854][ 39]LogModuleManager: Shutting down and abandoning module GeometryMode (534)
[2021.02.15-03.41.43:854][ 39]LogModuleManager: Shutting down and abandoning module TextureAlignMode (532)
[2021.02.15-03.41.43:854][ 39]LogModuleManager: Shutting down and abandoning module BspMode (530)
[2021.02.15-03.41.43:854][ 39]LogModuleManager: Shutting down and abandoning module PIEPreviewDeviceProfileSelector (528)
[2021.02.15-03.41.43:854][ 39]LogModuleManager: Shutting down and abandoning module HardwareSurvey (526)
[2021.02.15-03.41.43:854][ 39]LogModuleManager: Shutting down and abandoning module SequenceRecorderSections (524)
[2021.02.15-03.41.43:920][ 39]LogModuleManager: Shutting down and abandoning module AutomationWorker (522)
[2021.02.15-03.41.43:948][ 39]LogModuleManager: Shutting down and abandoning module MatineeToLevelSequence (520)
[2021.02.15-03.41.43:993][ 39]LogModuleManager: Shutting down and abandoning module LevelSequenceEditor (518)
[2021.02.15-03.41.44:083][ 39]LogModuleManager: Shutting down and abandoning module PlacementMode (517)
[2021.02.15-03.41.44:083][ 39]LogModuleManager: Shutting down and abandoning module WmfMediaFactory (514)
[2021.02.15-03.41.44:083][ 39]LogModuleManager: Shutting down and abandoning module WmfMediaEditor (512)
[2021.02.15-03.41.44:083][ 39]LogModuleManager: Shutting down and abandoning module OpenExrWrapper (510)
[2021.02.15-03.41.44:083][ 39]LogModuleManager: Shutting down and abandoning module ImgMediaFactory (508)
[2021.02.15-03.41.44:083][ 39]LogModuleManager: Shutting down and abandoning module ImgMediaEditor (506)
[2021.02.15-03.41.44:083][ 39]LogModuleManager: Shutting down and abandoning module AvfMediaFactory (504)
[2021.02.15-03.41.44:083][ 39]LogModuleManager: Shutting down and abandoning module AvfMediaEditor (502)
[2021.02.15-03.41.44:083][ 39]LogModuleManager: Shutting down and abandoning module AndroidMediaFactory (500)
[2021.02.15-03.41.44:083][ 39]LogModuleManager: Shutting down and abandoning module AndroidMediaEditor (498)
[2021.02.15-03.41.44:083][ 39]LogModuleManager: Shutting down and abandoning module CharacterAI (496)
[2021.02.15-03.41.44:083][ 39]LogModuleManager: Shutting down and abandoning module AudioCapture (494)
[2021.02.15-03.41.44:187][ 39]LogModuleManager: Shutting down and abandoning module SequenceRecorder (493)
[2021.02.15-03.41.44:189][ 39]LogModuleManager: Shutting down and abandoning module SmartSnapping (490)
[2021.02.15-03.41.44:189][ 39]LogModuleManager: Shutting down and abandoning module SessionServices (488)
[2021.02.15-03.41.44:189][ 39]LogModuleManager: Shutting down and abandoning module ViewportSnapping (486)
[2021.02.15-03.41.44:189][ 39]LogModuleManager: Shutting down and abandoning module ViewportInteraction (484)
[2021.02.15-03.41.44:189][ 39]LogModuleManager: Shutting down and abandoning module ClothPainter (482)
[2021.02.15-03.41.44:288][ 39]LogModuleManager: Shutting down and abandoning module SkeletalMeshEditor (481)
[2021.02.15-03.41.44:333][ 39]LogModuleManager: Shutting down and abandoning module LogVisualizer (478)
[2021.02.15-03.41.44:362][ 39]LogModuleManager: Shutting down and abandoning module IntroTutorials (476)
[2021.02.15-03.41.44:448][ 39]LogModuleManager: Shutting down and abandoning module GameProjectGeneration (475)
[2021.02.15-03.41.44:614][ 39]LogModuleManager: Shutting down and abandoning module IOSPlatformEditor (472)
[2021.02.15-03.41.44:614][ 39]LogModuleManager: Shutting down and abandoning module HTML5PlatformEditor (470)
[2021.02.15-03.41.44:614][ 39]LogModuleManager: Shutting down and abandoning module AndroidPlatformEditor (468)
[2021.02.15-03.41.44:614][ 39]LogModuleManager: Shutting down and abandoning module AndroidDeviceDetection (467)
[2021.02.15-03.41.45:325][ 39]LogModuleManager: Shutting down and abandoning module WindowsPlatformEditor (464)
[2021.02.15-03.41.45:325][ 39]LogModuleManager: Shutting down and abandoning module IOSRuntimeSettings (462)
[2021.02.15-03.41.45:325][ 39]LogModuleManager: Shutting down and abandoning module AndroidRuntimeSettings (460)
[2021.02.15-03.41.45:325][ 39]LogModuleManager: Shutting down and abandoning module InputBindingEditor (458)
[2021.02.15-03.41.45:347][ 39]LogModuleManager: Shutting down and abandoning module MergeActors (456)
[2021.02.15-03.41.45:411][ 39]LogModuleManager: Shutting down and abandoning module SizeMap (454)
[2021.02.15-03.41.45:411][ 39]LogModuleManager: Shutting down and abandoning module TreeMap (452)
[2021.02.15-03.41.45:437][ 39]LogModuleManager: Shutting down and abandoning module ReferenceViewer (450)
[2021.02.15-03.41.45:437][ 39]LogModuleManager: Shutting down and abandoning module LocalizationDashboard (448)
[2021.02.15-03.41.45:448][ 39]LogModuleManager: Shutting down and abandoning module LocalizationService (447)
[2021.02.15-03.41.45:518][ 39]LogModuleManager: Shutting down and abandoning module HardwareTargeting (444)
[2021.02.15-03.41.45:518][ 39]LogModuleManager: Shutting down and abandoning module DeviceProfileEditor (442)
[2021.02.15-03.41.45:518][ 39]LogModuleManager: Shutting down and abandoning module UndoHistory (440)
[2021.02.15-03.41.45:518][ 39]LogModuleManager: Shutting down and abandoning module XmlParser (438)
[2021.02.15-03.41.45:539][ 39]LogModuleManager: Shutting down and abandoning module Blutility (436)
[2021.02.15-03.41.45:539][ 39]LogModuleManager: Shutting down and abandoning module ProjectSettingsViewer (434)
[2021.02.15-03.41.45:539][ 39]LogModuleManager: Shutting down and abandoning module ProjectTargetPlatformEditor (433)
[2021.02.15-03.41.45:539][ 39]LogModuleManager: Shutting down and abandoning module EditorSettingsViewer (430)
[2021.02.15-03.41.45:539][ 39]LogModuleManager: Shutting down and abandoning module SettingsEditor (428)
[2021.02.15-03.41.45:588][ 39]LogModuleManager: Shutting down and abandoning module ProjectLauncher (426)
[2021.02.15-03.41.45:620][ 39]LogModuleManager: Shutting down and abandoning module SessionFrontend (424)
[2021.02.15-03.41.45:633][ 39]LogModuleManager: Shutting down and abandoning module ProfilerClient (422)
[2021.02.15-03.41.45:659][ 39]LogModuleManager: Shutting down and abandoning module DeviceManager (420)
[2021.02.15-03.41.45:690][ 39]LogModuleManager: Shutting down and abandoning module TargetDeviceServices (419)
[2021.02.15-03.41.45:754][ 39]LogModuleManager: Shutting down and abandoning module AutomationController (416)
[2021.02.15-03.41.45:800][ 39]LogModuleManager: Shutting down and abandoning module AutomationWindow (414)
[2021.02.15-03.41.45:862][ 39]LogModuleManager: Shutting down and abandoning module Layers (412)
[2021.02.15-03.41.45:940][ 39]LogModuleManager: Shutting down and abandoning module ComponentVisualizers (410)
[2021.02.15-03.41.45:940][ 39]LogModuleManager: Shutting down and abandoning module DetailCustomizations (408)
[2021.02.15-03.41.46:029][ 39]LogModuleManager: Shutting down and abandoning module PackagesDialog (406)
[2021.02.15-03.41.46:096][ 39]LogModuleManager: Shutting down and abandoning module Persona (404)
[2021.02.15-03.41.46:223][ 39]LogModuleManager: Shutting down and abandoning module AdvancedPreviewScene (403)
[2021.02.15-03.41.46:223][ 39]LogModuleManager: Shutting down and abandoning module AnimGraph (401)
[2021.02.15-03.41.46:223][ 39]LogModuleManager: Shutting down and abandoning module Kismet (398)
[2021.02.15-03.41.46:336][ 39]LogModuleManager: Shutting down and abandoning module ClassViewer (396)
[2021.02.15-03.41.46:336][ 39]LogModuleManager: Shutting down and abandoning module Toolbox (394)
[2021.02.15-03.41.46:336][ 39]LogModuleManager: Shutting down and abandoning module ModuleUI (392)
[2021.02.15-03.41.46:373][ 39]LogModuleManager: Shutting down and abandoning module MovieSceneTools (390)
[2021.02.15-03.41.46:414][ 39]LogModuleManager: Shutting down and abandoning module OutputLog (388)
[2021.02.15-03.41.46:414][ 39]LogModuleManager: Shutting down and abandoning module GammaUI (386)
[2021.02.15-03.41.46:441][ 39]LogModuleManager: Shutting down and abandoning module Documentation (384)
[2021.02.15-03.41.46:441][ 39]LogModuleManager: Shutting down and abandoning module MovieSceneTracks (382)
[2021.02.15-03.41.46:441][ 39]LogModuleManager: Shutting down and abandoning module MovieScene (380)
[2021.02.15-03.41.46:441][ 39]LogModuleManager: Shutting down and abandoning module StreamingPauseRendering (378)
[2021.02.15-03.41.46:441][ 39]LogModuleManager: Shutting down and abandoning module LauncherPlatform (376)
[2021.02.15-03.41.46:441][ 39]LogModuleManager: Shutting down and abandoning module AnalyticsET (374)
[2021.02.15-03.41.46:441][ 39]LogModuleManager: Shutting down and abandoning module PortalServices (372)
[2021.02.15-03.41.46:441][ 39]LogModuleManager: Shutting down and abandoning module PortalRpc (370)
[2021.02.15-03.41.46:441][ 39]LogModuleManager: Shutting down and abandoning module MessagingRpc (368)
[2021.02.15-03.41.46:441][ 39]LogModuleManager: Shutting down and abandoning module AIModule (366)
[2021.02.15-03.41.46:441][ 39]LogModuleManager: Shutting down and abandoning module GameplayDebugger (365)
[2021.02.15-03.41.46:441][ 39]LogModuleManager: Shutting down and abandoning module AITestSuite (363)
[2021.02.15-03.41.46:457][ 39]LogModuleManager: Shutting down and abandoning module ProfilerService (360)
[2021.02.15-03.41.46:639][ 39]LogModuleManager: Shutting down and abandoning module TaskGraph (358)
[2021.02.15-03.41.46:685][ 39]LogModuleManager: Shutting down and abandoning module Whiteboard (356)
[2021.02.15-03.41.46:685][ 39]LogModuleManager: Shutting down and abandoning module RuntimeMeshComponentEditor (354)
[2021.02.15-03.41.46:685][ 39]LogModuleManager: Shutting down and abandoning module RuntimeMeshComponent (352)
[2021.02.15-03.41.46:685][ 39]LogModuleManager: Shutting down and abandoning module SteamVRController (350)
[2021.02.15-03.41.46:685][ 39]LogModuleManager: Shutting down and abandoning module ProceduralMeshComponentEditor (348)
[2021.02.15-03.41.46:685][ 39]LogModuleManager: Shutting down and abandoning module ProceduralMeshComponent (346)
[2021.02.15-03.41.46:685][ 39]LogModuleManager: Shutting down and abandoning module OculusInput (344)
[2021.02.15-03.41.46:704][ 39]LogModuleManager: Shutting down and abandoning module MobilePatchingUtils (342)
[2021.02.15-03.41.46:704][ 39]LogModuleManager: Shutting down and abandoning module CustomMeshComponent (340)
[2021.02.15-03.41.46:704][ 39]LogModuleManager: Shutting down and abandoning module CableComponent (338)
[2021.02.15-03.41.46:745][ 39]LogModuleManager: Shutting down and abandoning module ArchVisCharacter (336)
[2021.02.15-03.41.46:745][ 39]LogModuleManager: Shutting down and abandoning module AndroidPermission (334)
[2021.02.15-03.41.46:745][ 39]LogModuleManager: Shutting down and abandoning module ActorSequence (330)
[2021.02.15-03.41.46:745][ 39]LogModuleManager: Shutting down and abandoning module MediaPlayerEditor (328)
[2021.02.15-03.41.46:794][ 39]LogModuleManager: Shutting down and abandoning module MediaCompositingEditor (326)
[2021.02.15-03.41.46:794][ 39]LogModuleManager: Shutting down and abandoning module MediaCompositing (324)
[2021.02.15-03.41.46:794][ 39]LogModuleManager: Shutting down and abandoning module HTML5Networking (322)
[2021.02.15-03.41.46:794][ 39]LogModuleManager: Shutting down and abandoning module AlembicImporter (320)
[2021.02.15-03.41.46:809][ 39]LogModuleManager: Shutting down and abandoning module AlembicLibrary (319)
[2021.02.15-03.41.46:809][ 39]LogModuleManager: Shutting down and abandoning module GeometryCache (318)
[2021.02.15-03.41.46:817][ 39]LogModuleManager: Shutting down and abandoning module GeometryCacheEd (317)
[2021.02.15-03.41.46:817][ 39]LogModuleManager: Shutting down and abandoning module SpeedTreeImporter (312)
[2021.02.15-03.41.46:817][ 39]LogModuleManager: Shutting down and abandoning module PluginBrowser (310)
[2021.02.15-03.41.46:863][ 39]LogModuleManager: Shutting down and abandoning module MobileLauncherProfileWizard (308)
[2021.02.15-03.41.46:917][ 39]LogModuleManager: Shutting down and abandoning module VisualStudioSourceCodeAccess (306)
[2021.02.15-03.41.46:917][ 39]LogModuleManager: Shutting down and abandoning module VisualStudioCodeSourceCodeAccess (304)
[2021.02.15-03.41.46:917][ 39]LogModuleManager: Shutting down and abandoning module UObjectPlugin (302)
[2021.02.15-03.41.46:917][ 39]LogModuleManager: Shutting down and abandoning module SubversionSourceControl (300)
[2021.02.15-03.41.46:950][ 39]LogModuleManager: Shutting down and abandoning module PerforceSourceControl (298)
[2021.02.15-03.41.47:009][ 39]LogModuleManager: Shutting down and abandoning module GitSourceControl (296)
[2021.02.15-03.41.47:057][ 39]LogModuleManager: Shutting down and abandoning module SourceControl (295)
[2021.02.15-03.41.47:094][ 39]LogModuleManager: Shutting down and abandoning module LightPropagationVolumeEditor (292)
[2021.02.15-03.41.47:094][ 39]LogModuleManager: Shutting down and abandoning module PaperTiledImporter (290)
[2021.02.15-03.41.47:094][ 39]LogModuleManager: Shutting down and abandoning module PaperSpriteSheetImporter (288)
[2021.02.15-03.41.47:094][ 39]LogModuleManager: Shutting down and abandoning module Paper2DEditor (286)
[2021.02.15-03.41.47:199][ 39]LogModuleManager: Shutting down and abandoning module MeshPaint (285)
[2021.02.15-03.41.47:224][ 39]LogModuleManager: Shutting down and abandoning module LevelEditor (283)
[2021.02.15-03.41.47:258][ 39]LogModuleManager: Shutting down and abandoning module PixelInspectorModule (282)
[2021.02.15-03.41.47:275][ 39]LogModuleManager: Shutting down and abandoning module MainFrame (280)
[2021.02.15-03.41.47:275][ 39]LogModuleManager: Shutting down and abandoning module HotReload (279)
[2021.02.15-03.41.47:296][ 39]LogDirectoryWatcher: A directory notification for 'C:/Users/funcl/Desktop/SNHU Online/GAM-495 Capstone/PaintGame_Johnson/Binaries/Win64' was aborted.
[2021.02.15-03.41.47:296][ 39]LogDirectoryWatcher: A directory notification for 'C:/Users/funcl/Desktop/SNHU Online/GAM-495 Capstone/PaintGame_Johnson/Plugins/ComputeShader/Binaries/Win64' was aborted.
[2021.02.15-03.41.47:296][ 39]LogDirectoryWatcher: A directory notification for 'C:/Users/funcl/Desktop/SNHU Online/GAM-495 Capstone/PaintGame_Johnson/Plugins/PixelShader/Binaries/Win64' was aborted.
[2021.02.15-03.41.47:296][ 39]LogDirectoryWatcher: A directory notification for 'C:/Users/funcl/Desktop/SNHU Online/GAM-495 Capstone/PaintGame_Johnson/Plugins/RuntimeMeshComponent/Binaries/Win64' was aborted.
[2021.02.15-03.41.47:296][ 39]LogDirectoryWatcher: A directory notification for 'C:/Users/funcl/Desktop/SNHU Online/GAM-495 Capstone/PaintGame_Johnson/Plugins/Whiteboard/Binaries/Win64' was aborted.
[2021.02.15-03.41.47:352][ 39]LogModuleManager: Shutting down and abandoning module PaintGame_Johnson (274)
[2021.02.15-03.41.47:352][ 39]LogModuleManager: Shutting down and abandoning module RuntimePhysXCooking (272)
[2021.02.15-03.41.47:352][ 39]LogModuleManager: Shutting down and abandoning module PhysXVehiclesEditor (270)
[2021.02.15-03.41.47:352][ 39]LogModuleManager: Shutting down and abandoning module PhysXVehicles (268)
[2021.02.15-03.41.47:352][ 39]LogModuleManager: Shutting down and abandoning module OculusEditor (266)
[2021.02.15-03.41.47:352][ 39]LogModuleManager: Shutting down and abandoning module LocationServicesBPLibrary (264)
[2021.02.15-03.41.47:352][ 39]LogModuleManager: Shutting down and abandoning module ImmediatePhysicsEditor (262)
[2021.02.15-03.41.47:352][ 39]LogModuleManager: Shutting down and abandoning module ImmediatePhysics (260)
[2021.02.15-03.41.47:426][ 39]LogModuleManager: Shutting down and abandoning module UdpMessaging (258)
[2021.02.15-03.41.47:543][ 39]LogModuleManager: Shutting down and abandoning module TcpMessaging (256)
[2021.02.15-03.41.47:665][ 39]LogModuleManager: Shutting down and abandoning module GameplayTagsEditor (254)
[2021.02.15-03.41.47:762][ 39]LogModuleManager: Shutting down and abandoning module FacialAnimationEditor (252)
[2021.02.15-03.41.47:762][ 39]LogModuleManager: Shutting down and abandoning module FacialAnimation (250)
[2021.02.15-03.41.47:762][ 39]LogModuleManager: Shutting down and abandoning module AssetManagerEditor (248)
[2021.02.15-03.41.47:831][ 39]LogModuleManager: Shutting down and abandoning module GraphEditor (247)
[2021.02.15-03.41.48:013][ 39]LogModuleManager: Shutting down and abandoning module ContentBrowser (245)
[2021.02.15-03.41.48:014][ 39]LogModuleManager: Shutting down and abandoning module LightPropagationVolumeRuntime (242)
[2021.02.15-03.41.48:014][ 39]LogModuleManager: Shutting down and abandoning module Paper2D (240)
[2021.02.15-03.41.48:014][ 39]LogModuleManager: Shutting down and abandoning module WindowsMoviePlayer (238)
[2021.02.15-03.41.48:036][ 39]LogModuleManager: Shutting down and abandoning module WmfMedia (236)
[2021.02.15-03.41.48:044][ 39]LogModuleManager: Shutting down and abandoning module ImgMedia (234)
[2021.02.15-03.41.48:044][ 39]LogModuleManager: Shutting down and abandoning module PacketHandler (232)
[2021.02.15-03.41.48:044][ 39]LogModuleManager: Shutting down and abandoning module ClothingSystemEditor (230)
[2021.02.15-03.41.48:044][ 39]LogModuleManager: Shutting down and abandoning module ClothingSystemRuntime (228)
[2021.02.15-03.41.48:060][ 39]LogModuleManager: Shutting down and abandoning module MediaAssets (226)
[2021.02.15-03.41.48:060][ 39]LogModuleManager: Shutting down and abandoning module Media (225)
[2021.02.15-03.41.48:066][ 39]LogModuleManager: Shutting down and abandoning module Overlay (222)
[2021.02.15-03.41.48:066][ 39]LogModuleManager: Shutting down and abandoning module OverlayEditor (221)
[2021.02.15-03.41.48:066][ 39]LogModuleManager: Shutting down and abandoning module VREditor (218)
[2021.02.15-03.41.48:192][ 39]LogModuleManager: Shutting down and abandoning module StringTableEditor (216)
[2021.02.15-03.41.48:215][ 39]LogModuleManager: Shutting down and abandoning module GameplayTasksEditor (214)
[2021.02.15-03.41.48:215][ 39]LogModuleManager: Shutting down and abandoning module BehaviorTreeEditor (212)
[2021.02.15-03.41.48:291][ 39]LogModuleManager: Shutting down and abandoning module FunctionalTesting (210)
[2021.02.15-03.41.48:310][ 39]LogModuleManager: Shutting down and abandoning module CollisionAnalyzer (208)
[2021.02.15-03.41.48:359][ 39]LogModuleManager: Shutting down and abandoning module WorkspaceMenuStructure (207)
[2021.02.15-03.41.48:359][ 39]LogModuleManager: Shutting down and abandoning module UMG (204)
[2021.02.15-03.41.48:421][ 39]LogModuleManager: Shutting down and abandoning module UMGEditor (203)
[2021.02.15-03.41.48:536][ 39]LogModuleManager: Shutting down and abandoning module Sequencer (202)
[2021.02.15-03.41.48:585][ 39]LogModuleManager: Shutting down and abandoning module MessageLog (199)
[2021.02.15-03.41.48:585][ 39]LogModuleManager: Shutting down and abandoning module SlateReflector (194)
[2021.02.15-03.41.48:693][ 39]LogModuleManager: Shutting down and abandoning module Slate (192)
[2021.02.15-03.41.48:693][ 39]LogModuleManager: Shutting down and abandoning module EditorStyle (190)
[2021.02.15-03.41.48:695][ 39]LogModuleManager: Shutting down and abandoning module MRMesh (188)
[2021.02.15-03.41.48:695][ 39]LogModuleManager: Shutting down and abandoning module SourceCodeAccess (186)
[2021.02.15-03.41.48:695][ 39]LogModuleManager: Shutting down and abandoning module HeadMountedDisplay (184)
[2021.02.15-03.41.48:695][ 39]LogModuleManager: Shutting down and abandoning module XAudio2 (182)
[2021.02.15-03.41.48:695][ 39]LogModuleManager: Shutting down and abandoning module Networking (180)
[2021.02.15-03.41.48:695][ 39]LogModuleManager: Shutting down and abandoning module Core (176)
[2021.02.15-03.41.48:695][ 39]LogModuleManager: Shutting down and abandoning module LevelSequence (172)
[2021.02.15-03.41.48:729][ 39]LogModuleManager: Shutting down and abandoning module DirectoryWatcher (170)
[2021.02.15-03.41.48:735][ 39]LogModuleManager: Shutting down and abandoning module KismetCompiler (168)
[2021.02.15-03.41.48:736][ 39]LogModuleManager: Shutting down and abandoning module MeshUtilities (166)
[2021.02.15-03.41.48:759][ 39]LogModuleManager: Shutting down and abandoning module MeshMergeUtilities (165)
[2021.02.15-03.41.48:783][ 39]LogModuleManager: Shutting down and abandoning module MeshReductionInterface (164)
[2021.02.15-03.41.48:783][ 39]LogModuleManager: Shutting down and abandoning module SimplygonSwarm (163)
[2021.02.15-03.41.48:802][ 39]LogModuleManager: Shutting down and abandoning module SimplygonMeshReduction (161)
[2021.02.15-03.41.48:803][ 39]LogModuleManager: Shutting down and abandoning module QuadricMeshReduction (159)
[2021.02.15-03.41.48:826][ 39]LogModuleManager: Shutting down and abandoning module MaterialBaking (155)
[2021.02.15-03.41.48:834][ 39]LogModuleManager: Shutting down and abandoning module DerivedDataCache (152)
[2021.02.15-03.41.48:885][ 39]LogDerivedDataCache: Shutdown
[2021.02.15-03.41.48:885][ 39]LogModuleManager: Shutting down and abandoning module TargetPlatform (150)
[2021.02.15-03.41.48:885][ 39]LogModuleManager: Shutting down and abandoning module VulkanShaderFormat (149)
[2021.02.15-03.41.48:896][ 39]LogModuleManager: Shutting down and abandoning module ShaderFormatVectorVM (147)
[2021.02.15-03.41.48:922][ 39]LogModuleManager: Shutting down and abandoning module ShaderFormatOpenGL (145)
[2021.02.15-03.41.48:961][ 39]LogModuleManager: Shutting down and abandoning module ShaderFormatD3D (143)
[2021.02.15-03.41.48:977][ 39]LogModuleManager: Shutting down and abandoning module MetalShaderFormat (141)
[2021.02.15-03.41.49:006][ 39]LogModuleManager: Shutting down and abandoning module TextureFormatUncompressed (139)
[2021.02.15-03.41.49:006][ 39]LogModuleManager: Shutting down and abandoning module TextureFormatPVR (137)
[2021.02.15-03.41.49:006][ 39]LogModuleManager: Shutting down and abandoning module TextureFormatDXT (135)
[2021.02.15-03.41.49:044][ 39]LogModuleManager: Shutting down and abandoning module TextureFormatIntelISPCTexComp (133)
[2021.02.15-03.41.49:067][ 39]LogModuleManager: Shutting down and abandoning module TextureFormatASTC (131)
[2021.02.15-03.41.49:067][ 39]LogModuleManager: Shutting down and abandoning module ImageWrapper (130)
[2021.02.15-03.41.49:067][ 39]LogModuleManager: Shutting down and abandoning module TextureFormatAndroid (127)
[2021.02.15-03.41.49:067][ 39]LogModuleManager: Shutting down and abandoning module AudioFormatOpus (125)
[2021.02.15-03.41.49:067][ 39]LogModuleManager: Shutting down and abandoning module AudioFormatOgg (123)
[2021.02.15-03.41.49:067][ 39]LogModuleManager: Shutting down and abandoning module AudioFormatADPCM (121)
[2021.02.15-03.41.49:067][ 39]LogModuleManager: Shutting down and abandoning module LinuxTargetPlatform (119)
[2021.02.15-03.41.49:067][ 39]LogModuleManager: Shutting down and abandoning module LinuxServerTargetPlatform (117)
[2021.02.15-03.41.49:067][ 39]LogModuleManager: Shutting down and abandoning module LinuxNoEditorTargetPlatform (115)
[2021.02.15-03.41.49:067][ 39]LogModuleManager: Shutting down and abandoning module LinuxClientTargetPlatform (113)
[2021.02.15-03.41.49:067][ 39]LogModuleManager: Shutting down and abandoning module TVOSTargetPlatform (111)
[2021.02.15-03.41.49:067][ 39]LogModuleManager: Shutting down and abandoning module Messaging (109)
[2021.02.15-03.41.49:067][ 39]LogModuleManager: Shutting down and abandoning module IOSTargetPlatform (107)
[2021.02.15-03.41.49:067][ 39]LogModuleManager: Shutting down and abandoning module HTML5TargetPlatform (105)
[2021.02.15-03.41.49:067][ 39]LogModuleManager: Shutting down and abandoning module AndroidTargetPlatform (103)
[2021.02.15-03.41.49:067][ 39]LogModuleManager: Shutting down and abandoning module Android_PVRTCTargetPlatform (101)
[2021.02.15-03.41.49:067][ 39]LogModuleManager: Shutting down and abandoning module Android_MultiTargetPlatform (99)
[2021.02.15-03.41.49:067][ 39]LogModuleManager: Shutting down and abandoning module Android_ETC2TargetPlatform (97)
[2021.02.15-03.41.49:067][ 39]LogModuleManager: Shutting down and abandoning module Android_ETC1TargetPlatform (95)
[2021.02.15-03.41.49:067][ 39]LogModuleManager: Shutting down and abandoning module Android_DXTTargetPlatform (93)
[2021.02.15-03.41.49:067][ 39]LogModuleManager: Shutting down and abandoning module Android_ATCTargetPlatform (91)
[2021.02.15-03.41.49:067][ 39]LogModuleManager: Shutting down and abandoning module Android_ASTCTargetPlatform (89)
[2021.02.15-03.41.49:067][ 39]LogModuleManager: Shutting down and abandoning module WindowsTargetPlatform (87)
[2021.02.15-03.41.49:067][ 39]LogModuleManager: Shutting down and abandoning module WindowsServerTargetPlatform (85)
[2021.02.15-03.41.49:067][ 39]LogModuleManager: Shutting down and abandoning module WindowsNoEditorTargetPlatform (83)
[2021.02.15-03.41.49:067][ 39]LogModuleManager: Shutting down and abandoning module WindowsClientTargetPlatform (81)
[2021.02.15-03.41.49:067][ 39]LogModuleManager: Shutting down and abandoning module MacTargetPlatform (79)
[2021.02.15-03.41.49:067][ 39]LogModuleManager: Shutting down and abandoning module MacServerTargetPlatform (77)
[2021.02.15-03.41.49:067][ 39]LogModuleManager: Shutting down and abandoning module MacNoEditorTargetPlatform (75)
[2021.02.15-03.41.49:067][ 39]LogModuleManager: Shutting down and abandoning module MacClientTargetPlatform (73)
[2021.02.15-03.41.49:067][ 39]LogModuleManager: Shutting down and abandoning module AllDesktopTargetPlatform (71)
[2021.02.15-03.41.49:068][ 39]LogModuleManager: Shutting down and abandoning module InputCore (68)
[2021.02.15-03.41.49:068][ 39]LogModuleManager: Shutting down and abandoning module Settings (66)
[2021.02.15-03.41.49:068][ 39]LogModuleManager: Shutting down and abandoning module PhysXCooking (64)
[2021.02.15-03.41.49:068][ 39]LogModuleManager: Shutting down and abandoning module PixelShader (62)
[2021.02.15-03.41.49:068][ 39]LogModuleManager: Shutting down and abandoning module ComputeShader (60)
[2021.02.15-03.41.49:068][ 39]LogModuleManager: Shutting down and abandoning module SteamVR (58)
[2021.02.15-03.41.49:068][ 39]LogModuleManager: Shutting down and abandoning module OculusHMD (56)
[2021.02.15-03.41.49:080][ 39]LogModuleManager: Shutting down and abandoning module ExampleDeviceProfileSelector (54)
[2021.02.15-03.41.49:080][ 39]LogModuleManager: Shutting down and abandoning module AppleARKit (52)
[2021.02.15-03.41.49:080][ 39]LogModuleManager: Shutting down and abandoning module AugmentedReality (51)
[2021.02.15-03.41.49:080][ 39]LogModuleManager: Shutting down and abandoning module OnlineBlueprintSupport (48)
[2021.02.15-03.41.49:080][ 39]LogModuleManager: Shutting down and abandoning module OnlineSubsystem (44)
[2021.02.15-03.41.49:131][ 39]LogModuleManager: Shutting down and abandoning module XMPP (43)
[2021.02.15-03.41.49:201][ 39]LogModuleManager: Shutting down and abandoning module HTTP (41)
[2021.02.15-03.41.49:201][ 39]LogHttp: Display: Http module shutting down, but needs to wait on 1 outstanding Http requests:
[2021.02.15-03.41.49:236][ 39]LogHttp: Display: 	verb=[POST] url=[https://datarouter.ol.epicgames.com/datarouter/api/v1/public/data?SessionID=%7B18810B24-4BD6-092E-2694-A19691C2AE79%7D&AppID=UEEditor.Rocket.Release&AppVersion=4.18.3-3832480%2B%2B%2BUE4%2BRelease-4.18&UserID=94506f9446f19ac7a95987808b0e9fe0%7C9f228154d9fd44b4815a3021344821a3%7C274c5f9f-dc3a-4b9f-b088-6ad69e5d676b&AppEnvironment=datacollector-binary&UploadType=eteventstream] status=Processing
[2021.02.15-03.41.49:265][ 39]LogModuleManager: Shutting down and abandoning module SSL (40)
[2021.02.15-03.41.49:292][ 39]LogModuleManager: Shutting down and abandoning module AnimationModifiers (36)
[2021.02.15-03.41.49:354][ 39]LogModuleManager: Shutting down and abandoning module PropertyEditor (35)
[2021.02.15-03.41.49:354][ 39]LogModuleManager: Shutting down and abandoning module AudioEditor (32)
[2021.02.15-03.41.49:419][ 39]LogModuleManager: Shutting down and abandoning module TextureCompressor (30)
[2021.02.15-03.41.49:447][ 39]LogModuleManager: Shutting down and abandoning module ShaderCore (28)
[2021.02.15-03.41.49:447][ 39]LogModuleManager: Shutting down and abandoning module Landscape (26)
[2021.02.15-03.41.49:447][ 39]LogModuleManager: Shutting down and abandoning module SlateRHIRenderer (24)
[2021.02.15-03.41.49:493][ 39]LogModuleManager: Shutting down and abandoning module OpenGLDrv (22)
[2021.02.15-03.41.49:523][ 39]LogModuleManager: Shutting down and abandoning module D3D11RHI (20)
[2021.02.15-03.41.49:523][ 39]LogModuleManager: Shutting down and abandoning module AnimGraphRuntime (18)
[2021.02.15-03.41.49:564][ 39]LogModuleManager: Shutting down and abandoning module Renderer (16)
[2021.02.15-03.41.49:564][ 39]LogModuleManager: Shutting down and abandoning module Engine (14)
[2021.02.15-03.41.49:564][ 39]LogModuleManager: Shutting down and abandoning module CoreUObject (12)
[2021.02.15-03.41.49:564][ 39]LogModuleManager: Shutting down and abandoning module NetworkFile (10)
[2021.02.15-03.41.49:577][ 39]LogModuleManager: Shutting down and abandoning module CookedIterativeFile (8)
[2021.02.15-03.41.49:577][ 39]LogModuleManager: Shutting down and abandoning module StreamingFile (6)
[2021.02.15-03.41.49:591][ 39]LogModuleManager: Shutting down and abandoning module SandboxFile (4)
[2021.02.15-03.41.49:624][ 39]LogModuleManager: Shutting down and abandoning module PakFile (2)
[2021.02.15-03.41.49:730][ 39]LogExit: Exiting.
[2021.02.15-03.41.49:743][ 39]Log file closed, 02/14/21 22:41:49
